  CGameObject.cpp
c:\users\kyh\desktop\아이작\the-binding-of-isaac---tcp-net\server\server\Global.h(108): warning C4005: 'PI': 매크로 재정의
  c:\users\kyh\desktop\아이작\the-binding-of-isaac---tcp-net\server\server\Geometric.h(3): note: 'PI'의 이전 정의를 참조하십시오.
  GameProcessFunc.cpp
c:\users\kyh\desktop\아이작\the-binding-of-isaac---tcp-net\server\server\Global.h(108): warning C4005: 'PI': 매크로 재정의
  c:\users\kyh\desktop\아이작\the-binding-of-isaac---tcp-net\server\server\Geometric.h(3): note: 'PI'의 이전 정의를 참조하십시오.
GameProcessFunc.cpp(503): warning C4244: '=': 'double'에서 'float'(으)로 변환하면서 데이터가 손실될 수 있습니다.
GameProcessFunc.cpp(509): warning C4244: '=': 'double'에서 'float'(으)로 변환하면서 데이터가 손실될 수 있습니다.
GameProcessFunc.cpp(511): warning C4244: '=': 'double'에서 'float'(으)로 변환하면서 데이터가 손실될 수 있습니다.
GameProcessFunc.cpp(535): warning C4244: '=': 'double'에서 'float'(으)로 변환하면서 데이터가 손실될 수 있습니다.
GameProcessFunc.cpp(536): warning C4244: '=': 'double'에서 'float'(으)로 변환하면서 데이터가 손실될 수 있습니다.
  main.cpp
c:\users\kyh\desktop\아이작\the-binding-of-isaac---tcp-net\server\server\Global.h(108): warning C4005: 'PI': 매크로 재정의
  c:\users\kyh\desktop\아이작\the-binding-of-isaac---tcp-net\server\server\Geometric.h(3): note: 'PI'의 이전 정의를 참조하십시오.
  ProcessThreads.cpp
c:\users\kyh\desktop\아이작\the-binding-of-isaac---tcp-net\server\server\Global.h(108): warning C4005: 'PI': 매크로 재정의
  c:\users\kyh\desktop\아이작\the-binding-of-isaac---tcp-net\server\server\Geometric.h(3): note: 'PI'의 이전 정의를 참조하십시오.
  stdafx.cpp
c:\users\kyh\desktop\아이작\the-binding-of-isaac---tcp-net\server\server\Global.h(108): warning C4005: 'PI': 매크로 재정의
  c:\users\kyh\desktop\아이작\the-binding-of-isaac---tcp-net\server\server\Geometric.h(3): note: 'PI'의 이전 정의를 참조하십시오.
  코드를 생성하고 있습니다.
  All 125 functions were compiled because no usable IPDB/IOBJ from previous compilation was found.
  코드를 생성했습니다.
  Server.vcxproj -> C:\Users\KYH\Desktop\아이작\The-Binding-of-Isaac---TCP-net\Server\Release\Server.exe
