  stdafx.cpp
c:\users\kyh\desktop\아이작\the-binding-of-isaac---tcp-net\server\server\global.h(108): warning C4005: 'PI': 매크로 재정의
  c:\users\kyh\desktop\아이작\the-binding-of-isaac---tcp-net\server\server\geometric.h(3): note: 'PI'의 이전 정의를 참조하십시오.
  ProcessThreads.cpp
c:\users\kyh\desktop\아이작\the-binding-of-isaac---tcp-net\server\server\global.h(108): warning C4005: 'PI': 매크로 재정의
  c:\users\kyh\desktop\아이작\the-binding-of-isaac---tcp-net\server\server\geometric.h(3): note: 'PI'의 이전 정의를 참조하십시오.
  main.cpp
c:\users\kyh\desktop\아이작\the-binding-of-isaac---tcp-net\server\server\global.h(108): warning C4005: 'PI': 매크로 재정의
  c:\users\kyh\desktop\아이작\the-binding-of-isaac---tcp-net\server\server\geometric.h(3): note: 'PI'의 이전 정의를 참조하십시오.
  GameProcessFunc.cpp
c:\users\kyh\desktop\아이작\the-binding-of-isaac---tcp-net\server\server\global.h(108): warning C4005: 'PI': 매크로 재정의
  c:\users\kyh\desktop\아이작\the-binding-of-isaac---tcp-net\server\server\geometric.h(3): note: 'PI'의 이전 정의를 참조하십시오.
c:\users\kyh\desktop\아이작\the-binding-of-isaac---tcp-net\server\server\gameprocessfunc.cpp(503): warning C4244: '=': 'double'에서 'float'(으)로 변환하면서 데이터가 손실될 수 있습니다.
c:\users\kyh\desktop\아이작\the-binding-of-isaac---tcp-net\server\server\gameprocessfunc.cpp(509): warning C4244: '=': 'double'에서 'float'(으)로 변환하면서 데이터가 손실될 수 있습니다.
c:\users\kyh\desktop\아이작\the-binding-of-isaac---tcp-net\server\server\gameprocessfunc.cpp(511): warning C4244: '=': 'double'에서 'float'(으)로 변환하면서 데이터가 손실될 수 있습니다.
c:\users\kyh\desktop\아이작\the-binding-of-isaac---tcp-net\server\server\gameprocessfunc.cpp(535): warning C4244: '=': 'double'에서 'float'(으)로 변환하면서 데이터가 손실될 수 있습니다.
c:\users\kyh\desktop\아이작\the-binding-of-isaac---tcp-net\server\server\gameprocessfunc.cpp(536): warning C4244: '=': 'double'에서 'float'(으)로 변환하면서 데이터가 손실될 수 있습니다.
  CGameObject.cpp
c:\users\kyh\desktop\아이작\the-binding-of-isaac---tcp-net\server\server\global.h(108): warning C4005: 'PI': 매크로 재정의
  c:\users\kyh\desktop\아이작\the-binding-of-isaac---tcp-net\server\server\geometric.h(3): note: 'PI'의 이전 정의를 참조하십시오.
  코드를 생성하고 있습니다...
  Server.vcxproj -> C:\Users\KYH\Desktop\아이작\The-Binding-of-Isaac---TCP-net\Server\Debug\Server.exe
  Server.vcxproj -> C:\Users\KYH\Desktop\아이작\The-Binding-of-Isaac---TCP-net\Server\Debug\Server.pdb (Partial PDB)
